<?xml version="1.0" encoding="UTF-8"?>
<!-- Generated by org.testng.reporters.JUnitXMLReporter -->
<testsuite hostname="KerioFW" name="Default test" tests="3" failures="0" timestamp="29 May 2015 14:39:18 GMT" time="13.825" errors="0">
  <testcase name="testEquals" time="4.714" classname="password_tes.angel_test"/>
  <testcase name="testGenerationPassword" time="2.163" classname="password_tes.angel_test"/>
  <testcase name="testSuffix" time="2.134" classname="password_tes.angel_test"/>
</testsuite> <!-- Default test -->
