<?xml version="1.0" encoding="UTF-8"?>
<!-- Generated by org.testng.reporters.JUnitXMLReporter -->
<testsuite hostname="KerioFW" name="password_tes" tests="3" failures="2" timestamp="5 Jun 2015 14:03:35 GMT" time="5.827" errors="0">
  <testcase name="testEquals" time="0.703" classname="password_tes.angel_test"/>
  <testcase name="testGenerationPassword" time="0.178" classname="password_tes.angel_test">
    <failure type="java.lang.AssertionError" message="expected [FtXaUrqbQsKhT@1a] but found []">
      <![CDATA[java.lang.AssertionError: expected [FtXaUrqbQsKhT@1a] but found []
	at password_tes.angel_test.testGenerationPassword(angel_test.java:71)
... Removed 32 stack frames]]>
    </failure>
  </testcase> <!-- testGenerationPassword -->
  <testcase name="testSuffix" time="0.12" classname="password_tes.angel_test">
    <failure type="java.lang.AssertionError" message="expected [true] but found [false]">
      <![CDATA[java.lang.AssertionError: expected [true] but found [false]
	at password_tes.angel_test.testSuffix(angel_test.java:100)
... Removed 31 stack frames]]>
    </failure>
  </testcase> <!-- testSuffix -->
</testsuite> <!-- password_tes -->
