<?xml version="1.0" encoding="UTF-8"?>
<testsuite name="TestSuite" time="1.003" tests="3" errors="0" skipped="0" failures="2">
  <properties>
[...]
</properties>
  <testcase name="testEquals" classname="password_tes.angel_test" time="0.703"/>
  <testcase name="testGenerationPassword" classname="password_tes.angel_test" time="0.18">
    <failure message="expected [FtXaUrqbQsKhT@1a] but found []" type="java.lang.AssertionError">java.lang.AssertionError: expected [FtXaUrqbQsKhT@1a] but found []
	at org.testng.Assert.fail(Assert.java:94)
	at org.testng.Assert.failNotEquals(Assert.java:496)
	at org.testng.Assert.assertEquals(Assert.java:125)
	at org.testng.Assert.assertEquals(Assert.java:178)
	at org.testng.Assert.assertEquals(Assert.java:188)
	at password_tes.angel_test.testGenerationPassword(angel_test.java:71)
</failure>
    <system-out><![CDATA[******************************************************************************
]]></system-out>
  </testcase>
  <testcase name="testSuffix" classname="password_tes.angel_test" time="0.12">
    <failure message="expected [true] but found [false]" type="java.lang.AssertionError">java.lang.AssertionError: expected [true] but found [false]
	at org.testng.Assert.fail(Assert.java:94)
	at org.testng.Assert.failNotEquals(Assert.java:496)
	at org.testng.Assert.assertTrue(Assert.java:42)
	at org.testng.Assert.assertTrue(Assert.java:52)
	at password_tes.angel_test.testSuffix(angel_test.java:100)
</failure>
  </testcase>
</testsuite>