<?xml version="1.0" encoding="UTF-8"?>
<testng-results skipped="3" failed="0" total="3" passed="0">
  <reporter-output>
  </reporter-output>
  <suite name="Angel" duration-ms="76" started-at="2015-06-05T11:57:26Z" finished-at="2015-06-05T11:57:27Z">
    <groups>
    </groups>
    <test name="password_tes" duration-ms="76" started-at="2015-06-05T11:57:26Z" finished-at="2015-06-05T11:57:27Z">
      <class name="password_tes.angel_test">
        <test-method status="FAIL" signature="start_up()[pri:0, instance:password_tes.angel_test@4cdbe50f]" name="start_up" is-config="true" duration-ms="0" started-at="2015-06-05T14:57:26Z" finished-at="2015-06-05T14:57:26Z">
          <exception class="java.lang.IllegalStateException">
            <message>
              <![CDATA[The path to the driver executable must be set by the webdriver.chrome.driver system property; for more information, see http://code.google.com/p/selenium/wiki/ChromeDriver. The latest version can be downloaded from http://chromedriver.storage.googleapis.com/index.html]]>
            </message>
            <full-stacktrace>
              <![CDATA[java.lang.IllegalStateException: The path to the driver executable must be set by the webdriver.chrome.driver system property; for more information, see http://code.google.com/p/selenium/wiki/ChromeDriver. The latest version can be downloaded from http://chromedriver.storage.googleapis.com/index.html
	at com.google.common.base.Preconditions.checkState(Preconditions.java:197)
	at org.openqa.selenium.remote.service.DriverService.findExecutable(DriverService.java:110)
	at org.openqa.selenium.chrome.ChromeDriverService.access$000(ChromeDriverService.java:32)
	at org.openqa.selenium.chrome.ChromeDriverService$Builder.findDefaultExecutable(ChromeDriverService.java:118)
	at org.openqa.selenium.remote.service.DriverService$Builder.build(DriverService.java:291)
	at org.openqa.selenium.chrome.ChromeDriverService.createDefaultService(ChromeDriverService.java:82)
	at org.openqa.selenium.chrome.ChromeDriver.<init>(ChromeDriver.java:117)
	at password_tes.angel_test.start_up(angel_test.java:33)
	at sun.reflect.NativeMethodAccessorImpl.invoke0(Native Method)
	at sun.reflect.NativeMethodAccessorImpl.invoke(NativeMethodAccessorImpl.java:62)
	at sun.reflect.DelegatingMethodAccessorImpl.invoke(DelegatingMethodAccessorImpl.java:43)
	at java.lang.reflect.Method.invoke(Method.java:497)
	at org.testng.internal.MethodInvocationHelper.invokeMethod(MethodInvocationHelper.java:85)
	at org.testng.internal.Invoker.invokeConfigurationMethod(Invoker.java:517)
	at org.testng.internal.Invoker.invokeConfigurations(Invoker.java:213)
	at org.testng.internal.Invoker.invokeConfigurations(Invoker.java:140)
	at org.testng.internal.TestMethodWorker.invokeBeforeClassMethods(TestMethodWorker.java:170)
	at org.testng.internal.TestMethodWorker.run(TestMethodWorker.java:104)
	at org.testng.TestRunner.privateRun(TestRunner.java:771)
	at org.testng.TestRunner.run(TestRunner.java:621)
	at org.testng.SuiteRunner.runTest(SuiteRunner.java:357)
	at org.testng.SuiteRunner.runSequentially(SuiteRunner.java:352)
	at org.testng.SuiteRunner.privateRun(SuiteRunner.java:310)
	at org.testng.SuiteRunner.run(SuiteRunner.java:259)
	at org.testng.SuiteRunnerWorker.runSuite(SuiteRunnerWorker.java:52)
	at org.testng.SuiteRunnerWorker.run(SuiteRunnerWorker.java:86)
	at org.testng.TestNG.runSuitesSequentially(TestNG.java:1199)
	at org.testng.TestNG.runSuitesLocally(TestNG.java:1124)
	at org.testng.TestNG.run(TestNG.java:1032)
	at org.testng.remote.RemoteTestNG.run(RemoteTestNG.java:111)
	at org.testng.remote.RemoteTestNG.initAndRun(RemoteTestNG.java:204)
	at org.testng.remote.RemoteTestNG.main(RemoteTestNG.java:175)
]]>
            </full-stacktrace>
          </exception> <!-- java.lang.IllegalStateException -->
          <reporter-output>
          </reporter-output>
        </test-method> <!-- start_up -->
        <test-method status="SKIP" signature="testEquals()[pri:0, instance:password_tes.angel_test@4cdbe50f]" name="testEquals" duration-ms="1" started-at="2015-06-05T14:57:26Z" finished-at="2015-06-05T14:57:27Z">
          <reporter-output>
          </reporter-output>
        </test-method> <!-- testEquals -->
        <test-method status="SKIP" signature="testGenerationPassword()[pri:0, instance:password_tes.angel_test@4cdbe50f]" name="testGenerationPassword" duration-ms="0" started-at="2015-06-05T14:57:27Z" finished-at="2015-06-05T14:57:27Z">
          <reporter-output>
          </reporter-output>
        </test-method> <!-- testGenerationPassword -->
        <test-method status="SKIP" signature="testSuffix()[pri:0, instance:password_tes.angel_test@4cdbe50f]" name="testSuffix" duration-ms="0" started-at="2015-06-05T14:57:27Z" finished-at="2015-06-05T14:57:27Z">
          <reporter-output>
          </reporter-output>
        </test-method> <!-- testSuffix -->
        <test-method status="SKIP" signature="shut_down()[pri:0, instance:password_tes.angel_test@4cdbe50f]" name="shut_down" is-config="true" duration-ms="0" started-at="2015-06-05T14:57:27Z" finished-at="2015-06-05T14:57:27Z">
          <reporter-output>
          </reporter-output>
        </test-method> <!-- shut_down -->
      </class> <!-- password_tes.angel_test -->
    </test> <!-- password_tes -->
  </suite> <!-- Angel -->
</testng-results>
